This is e-upTeX, Version 3.141592653-p4.1.2-u2.02-251130-2.6 (utf8.uptex) (TeX Live 2026) (preloaded format=uplatex 2026.5.31)  4 JUN 2026 17:59
entering extended mode
 restricted \write18 enabled.
 %&-line parsing enabled.
**master.tex
(./master.tex
pLaTeX2e <2023-02-14u04>+1, based on
LaTeX2e <2025-11-01>
L3 programming layer <2026-05-26>
(/usr/local/texlive/2026/texmf-dist/tex/platex/jsclasses/jsarticle.cls
Document Class: jsarticle 2025/04/27 jsclasses (okumura, texjporg)
Class jsarticle Info: Autodetected engine: upLaTeX on input line 217.
\jsc@mpt=\dimen166
\jsc@mmm=\dimen167
\jsc@smallskipamount=\skip49
LaTeX Info: Redefining \textmc on input line 511.
LaTeX Info: Redefining \textgt on input line 513.
\symmincho=\mathgroup4
LaTeX Font Info:    Overwriting symbol font `mincho' in version `bold'
(Font)                  JY2/mc/m/n --> JY2/gt/m/n on input line 575.
LaTeX Font Info:    Font shape `JT2/mc/m/n' will be
(Font)              scaled to size 9.24683pt on input line 769.
LaTeX Font Info:    Font shape `JY2/mc/m/n' will be
(Font)              scaled to size 9.24683pt on input line 769.
\fullwidth=\dimen168
LaTeX Font Info:    Font shape `JT2/mc/m/n' will be
(Font)              scaled to size 7.39746pt on input line 922.
LaTeX Font Info:    Font shape `JY2/mc/m/n' will be
(Font)              scaled to size 7.39746pt on input line 922.
\c@part=\count275
\c@section=\count276
\c@subsection=\count277
\c@subsubsection=\count278
\c@paragraph=\count279
\c@subparagraph=\count280
\@abstractbox=\box70
\c@figure=\count281
\c@table=\count282
\abovecaptionskip=\skip50
\belowcaptionskip=\skip51
\jsc@tocl@width=\dimen169
\@lnumwidth=\dimen170
\bibindent=\dimen171
(/usr/local/texlive/2026/texmf-dist/tex/platex/jsclasses/jslogo.sty
Package: jslogo 2019/07/25 okumura, texjporg
LaTeX Info: Redefining \TeX on input line 82.
LaTeX Info: Redefining \LaTeX on input line 135.
LaTeX Info: Redefining \LaTeXe on input line 188.
)
\heisei=\count283
)
(/usr/local/texlive/2026/texmf-dist/tex/generic/ulem/ulem.sty
\UL@box=\box71
\UL@hyphenbox=\box72
\UL@skip=\skip52
\UL@hook=\toks18
\UL@height=\dimen172
\UL@pe=\count284
\UL@pixel=\dimen173
\ULC@box=\box73
Package: ulem 2019/11/18
\ULdepth=\dimen174
)
(/usr/local/texlive/2026/texmf-dist/tex/latex/graphics/graphicx.sty
Package: graphicx 2024/12/31 v1.2e Enhanced LaTeX Graphics (DPC,SPQR)

(/usr/local/texlive/2026/texmf-dist/tex/latex/graphics/keyval.sty
Package: keyval 2022/05/29 v1.15 key=value parser (DPC)
\KV@toks@=\toks19
)
(/usr/local/texlive/2026/texmf-dist/tex/latex/graphics/graphics.sty
Package: graphics 2024/08/06 v1.4g Standard LaTeX Graphics (DPC,SPQR)

(/usr/local/texlive/2026/texmf-dist/tex/latex/graphics/trig.sty
Package: trig 2023/12/02 v1.11 sin cos tan (DPC)
)
(/usr/local/texlive/2026/texmf-dist/tex/latex/graphics-cfg/graphics.cfg
File: graphics.cfg 2016/06/04 v1.11 sample graphics configuration
)
Package graphics Info: Driver file: dvipdfmx.def on input line 106.

(/usr/local/texlive/2026/texmf-dist/tex/latex/graphics-def/dvipdfmx.def
File: dvipdfmx.def 2025/09/29 v5.0n Graphics/color driver for dvipdfmx
))
\Gin@req@height=\dimen175
\Gin@req@width=\dimen176
)
(/usr/local/texlive/2026/texmf-dist/tex/latex/tools/array.sty
Package: array 2025/09/25 v2.6n Tabular extension package (FMi)
\col@sep=\dimen177
\ar@mcellbox=\box74
\extrarowheight=\dimen178
\NC@list=\toks20
\extratabsurround=\skip53
\backup@length=\skip54
\ar@cellbox=\box75
)
(/usr/local/texlive/2026/texmf-dist/tex/latex/enumitem/enumitem.sty
Package: enumitem 2025/02/06 v3.11 Customized lists
\labelindent=\skip55
\enit@outerparindent=\dimen179
\enit@toks=\toks21
\enit@inbox=\box76
\enit@count@id=\count285
\enitdp@description=\count286
)
(/usr/local/texlive/2026/texmf-dist/tex/latex/amsmath/amsmath.sty
Package: amsmath 2025/07/09 v2.17z AMS math features
\@mathmargin=\skip56

For additional information on amsmath, use the `?' option.
(/usr/local/texlive/2026/texmf-dist/tex/latex/amsmath/amstext.sty
Package: amstext 2024/11/17 v2.01 AMS text

(/usr/local/texlive/2026/texmf-dist/tex/latex/amsmath/amsgen.sty
File: amsgen.sty 1999/11/30 v2.0 generic functions
\@emptytoks=\toks22
\ex@=\dimen180
))
(/usr/local/texlive/2026/texmf-dist/tex/latex/amsmath/amsbsy.sty
Package: amsbsy 1999/11/29 v1.2d Bold Symbols
\pmbraise@=\dimen181
)
(/usr/local/texlive/2026/texmf-dist/tex/latex/amsmath/amsopn.sty
Package: amsopn 2022/04/08 v2.04 operator names
)
\inf@bad=\count287
LaTeX Info: Redefining \frac on input line 233.
\uproot@=\count288
\leftroot@=\count289
LaTeX Info: Redefining \overline on input line 398.
LaTeX Info: Redefining \colon on input line 409.
\classnum@=\count290
\DOTSCASE@=\count291
LaTeX Info: Redefining \ldots on input line 495.
LaTeX Info: Redefining \dots on input line 498.
LaTeX Info: Redefining \cdots on input line 619.
\Mathstrutbox@=\box77
\strutbox@=\box78
LaTeX Info: Redefining \big on input line 721.
LaTeX Info: Redefining \Big on input line 722.
LaTeX Info: Redefining \bigg on input line 723.
LaTeX Info: Redefining \Bigg on input line 724.
\big@size=\dimen182
LaTeX Font Info:    Redeclaring font encoding OML on input line 742.
LaTeX Font Info:    Redeclaring font encoding OMS on input line 743.
\macc@depth=\count292
LaTeX Info: Redefining \bmod on input line 904.
LaTeX Info: Redefining \pmod on input line 909.
LaTeX Info: Redefining \smash on input line 939.
LaTeX Info: Redefining \relbar on input line 969.
LaTeX Info: Redefining \Relbar on input line 970.
\c@MaxMatrixCols=\count293
\dotsspace@=\muskip17
\c@parentequation=\count294
\dspbrk@lvl=\count295
\tag@help=\toks23
\row@=\count296
\column@=\count297
\maxfields@=\count298
\andhelp@=\toks24
\eqnshift@=\dimen183
\alignsep@=\dimen184
\tagshift@=\dimen185
\tagwidth@=\dimen186
\totwidth@=\dimen187
\lineht@=\dimen188
\@envbody=\toks25
\multlinegap=\skip57
\multlinetaggap=\skip58
\mathdisplay@stack=\toks26
LaTeX Info: Redefining \[ on input line 2950.
LaTeX Info: Redefining \] on input line 2951.
)
(/usr/local/texlive/2026/texmf-dist/tex/latex/import/import.sty
Package: import 2020/04/01  v 6.2
)
(/usr/local/texlive/2026/texmf-dist/tex/latex/biblatex/biblatex.sty
Package: biblatex 2025/07/10 v3.21 programmable bibliographies (PK/MW)

(/usr/local/texlive/2026/texmf-dist/tex/generic/pdftexcmds/pdftexcmds.sty
Package: pdftexcmds 2020-06-27 v0.33 Utility functions of pdfTeX for LuaTeX (HO
)

(/usr/local/texlive/2026/texmf-dist/tex/generic/infwarerr/infwarerr.sty
Package: infwarerr 2019/12/03 v1.5 Providing info/warning/error messages (HO)
)
(/usr/local/texlive/2026/texmf-dist/tex/generic/iftex/iftex.sty
Package: iftex 2024/12/12 v1.0g TeX engine tests
)
(/usr/local/texlive/2026/texmf-dist/tex/generic/ltxcmds/ltxcmds.sty
Package: ltxcmds 2023-12-04 v1.26 LaTeX kernel commands for general use (HO)
)
Package pdftexcmds Info: \pdf@primitive is available.
Package pdftexcmds Info: \pdf@ifprimitive is available.
Package pdftexcmds Info: \pdfdraftmode not found.
)
(/usr/local/texlive/2026/texmf-dist/tex/latex/etoolbox/etoolbox.sty
Package: etoolbox 2025/10/02 v2.5m e-TeX tools for LaTeX (JAW)
\etb@tempcnta=\count299
)
(/usr/local/texlive/2026/texmf-dist/tex/latex/kvoptions/kvoptions.sty
Package: kvoptions 2022-06-15 v3.15 Key value format for package options (HO)

(/usr/local/texlive/2026/texmf-dist/tex/latex/kvsetkeys/kvsetkeys.sty
Package: kvsetkeys 2022-10-05 v1.19 Key value parser (HO)
))
(/usr/local/texlive/2026/texmf-dist/tex/latex/logreq/logreq.sty
Package: logreq 2010/08/04 v1.0 xml request logger
\lrq@indent=\count300

(/usr/local/texlive/2026/texmf-dist/tex/latex/logreq/logreq.def
File: logreq.def 2010/08/04 v1.0 logreq spec v1.0
))
(/usr/local/texlive/2026/texmf-dist/tex/latex/base/ifthen.sty
Package: ifthen 2024/03/16 v1.1e Standard LaTeX ifthen package (DPC)
)
(/usr/local/texlive/2026/texmf-dist/tex/latex/url/url.sty
\Urlmuskip=\muskip18
Package: url 2013/09/16  ver 3.4  Verb mode for urls, etc.
)
\c@tabx@nest=\count301
\c@listtotal=\count302
\c@listcount=\count303
\c@liststart=\count304
\c@liststop=\count305
\c@citecount=\count306
\c@citetotal=\count307
\c@multicitecount=\count308
\c@multicitetotal=\count309
\c@instcount=\count310
\c@maxnames=\count311
\c@minnames=\count312
\c@maxitems=\count313
\c@minitems=\count314
\c@citecounter=\count315
\c@maxcitecounter=\count316
\c@savedcitecounter=\count317
\c@uniquelist=\count318
\c@uniquename=\count319
\c@refsection=\count320
\c@refsegment=\count321
\c@maxextratitle=\count322
\c@maxextratitleyear=\count323
\c@maxextraname=\count324
\c@maxextradate=\count325
\c@maxextraalpha=\count326
\c@abbrvpenalty=\count327
\c@highnamepenalty=\count328
\c@lownamepenalty=\count329
\c@maxparens=\count330
\c@parenlevel=\count331
\blx@tempcnta=\count332
\blx@tempcntb=\count333
\blx@tempcntc=\count334
\c@blx@maxsection=\count335
\blx@maxsegment@0=\count336
\blx@notetype=\count337
\blx@parenlevel@text=\count338
\blx@parenlevel@foot=\count339
\blx@sectionciteorder@0=\count340
\blx@sectionciteorderinternal@0=\count341
\blx@entrysetcounter=\count342
\blx@biblioinstance=\count343
\labelnumberwidth=\skip59
\labelalphawidth=\skip60
\biblabelsep=\skip61
\bibitemsep=\skip62
\bibnamesep=\skip63
\bibinitsep=\skip64
\bibparsep=\skip65
\bibhang=\skip66
\blx@bcfin=\read2
\blx@bcfout=\write3
\blx@langwohyphens=\language91
\c@mincomprange=\count344
\c@maxcomprange=\count345
\c@mincompwidth=\count346
Package biblatex Info: Trying to load biblatex default data model...
Package biblatex Info: ... file 'blx-dm.def' found.

(/usr/local/texlive/2026/texmf-dist/tex/latex/biblatex/blx-dm.def
File: blx-dm.def 2025/07/10 v3.21 biblatex datamodel (PK/MW)
)
Package biblatex Info: Trying to load biblatex style data model...
Package biblatex Info: ... file 'numeric.dbx' not found.
Package biblatex Info: Trying to load biblatex custom data model...
Package biblatex Info: ... file 'biblatex-dm.cfg' not found.
\c@afterword=\count347
\c@savedafterword=\count348
\c@annotator=\count349
\c@savedannotator=\count350
\c@author=\count351
\c@savedauthor=\count352
\c@bookauthor=\count353
\c@savedbookauthor=\count354
\c@commentator=\count355
\c@savedcommentator=\count356
\c@editor=\count357
\c@savededitor=\count358
\c@editora=\count359
\c@savededitora=\count360
\c@editorb=\count361
\c@savededitorb=\count362
\c@editorc=\count363
\c@savededitorc=\count364
\c@foreword=\count365
\c@savedforeword=\count366
\c@holder=\count367
\c@savedholder=\count368
\c@introduction=\count369
\c@savedintroduction=\count370
\c@namea=\count371
\c@savednamea=\count372
\c@nameb=\count373
\c@savednameb=\count374
\c@namec=\count375
\c@savednamec=\count376
\c@translator=\count377
\c@savedtranslator=\count378
\c@shortauthor=\count379
\c@savedshortauthor=\count380
\c@shorteditor=\count381
\c@savedshorteditor=\count382
\c@labelname=\count383
\c@savedlabelname=\count384
\c@institution=\count385
\c@savedinstitution=\count386
\c@lista=\count387
\c@savedlista=\count388
\c@listb=\count389
\c@savedlistb=\count390
\c@listc=\count391
\c@savedlistc=\count392
\c@listd=\count393
\c@savedlistd=\count394
\c@liste=\count395
\c@savedliste=\count396
\c@listf=\count397
\c@savedlistf=\count398
\c@location=\count399
\c@savedlocation=\count400
\c@organization=\count401
\c@savedorganization=\count402
\c@origlocation=\count403
\c@savedoriglocation=\count404
\c@origpublisher=\count405
\c@savedorigpublisher=\count406
\c@publisher=\count407
\c@savedpublisher=\count408
\c@language=\count409
\c@savedlanguage=\count410
\c@origlanguage=\count411
\c@savedoriglanguage=\count412
\c@pageref=\count413
\c@savedpageref=\count414
\shorthandwidth=\skip67
\shortjournalwidth=\skip68
\shortserieswidth=\skip69
\shorttitlewidth=\skip70
\shortauthorwidth=\skip71
\shorteditorwidth=\skip72
\locallabelnumberwidth=\skip73
\locallabelalphawidth=\skip74
\localshorthandwidth=\skip75
\localshortjournalwidth=\skip76
\localshortserieswidth=\skip77
\localshorttitlewidth=\skip78
\localshortauthorwidth=\skip79
\localshorteditorwidth=\skip80
Package biblatex Info: Trying to load compatibility code...
Package biblatex Info: ... file 'blx-compat.def' found.

(/usr/local/texlive/2026/texmf-dist/tex/latex/biblatex/blx-compat.def
File: blx-compat.def 2025/07/10 v3.21 biblatex compatibility (PK/MW)
)
Package biblatex Info: Trying to load generic definitions...
Package biblatex Info: ... file 'biblatex.def' found.

(/usr/local/texlive/2026/texmf-dist/tex/latex/biblatex/biblatex.def
File: biblatex.def 2025/07/10 v3.21 biblatex compatibility (PK/MW)
\c@textcitecount=\count415
\c@textcitetotal=\count416
\c@textcitemaxnames=\count417
\c@biburlbigbreakpenalty=\count418
\c@biburlbreakpenalty=\count419
\c@biburlnumpenalty=\count420
\c@biburlucpenalty=\count421
\c@biburllcpenalty=\count422
\biburlbigskip=\muskip19
\biburlnumskip=\muskip20
\biburlucskip=\muskip21
\biburllcskip=\muskip22
\c@smartand=\count423
)
Package biblatex Info: Trying to load bibliography style 'numeric'...
Package biblatex Info: ... file 'numeric.bbx' found.

(/usr/local/texlive/2026/texmf-dist/tex/latex/biblatex/bbx/numeric.bbx
File: numeric.bbx 2025/07/10 v3.21 biblatex bibliography style (PK/MW)
Package biblatex Info: Trying to load bibliography style 'standard'...
Package biblatex Info: ... file 'standard.bbx' found.

(/usr/local/texlive/2026/texmf-dist/tex/latex/biblatex/bbx/standard.bbx
File: standard.bbx 2025/07/10 v3.21 biblatex bibliography style (PK/MW)
\c@bbx:relatedcount=\count424
\c@bbx:relatedtotal=\count425
))
Package biblatex Info: Trying to load citation style 'numeric'...
Package biblatex Info: ... file 'numeric.cbx' found.

(/usr/local/texlive/2026/texmf-dist/tex/latex/biblatex/cbx/numeric.cbx
File: numeric.cbx 2025/07/10 v3.21 biblatex citation style (PK/MW)
Package biblatex Info: Redefining '\cite'.
Package biblatex Info: Redefining '\parencite'.
Package biblatex Info: Redefining '\footcite'.
Package biblatex Info: Redefining '\footcitetext'.
Package biblatex Info: Redefining '\smartcite'.
Package biblatex Info: Redefining '\supercite'.
Package biblatex Info: Redefining '\textcite'.
Package biblatex Info: Redefining '\textcites'.
Package biblatex Info: Redefining '\cites'.
Package biblatex Info: Redefining '\parencites'.
Package biblatex Info: Redefining '\smartcites'.
)
Package biblatex Info: Trying to load configuration file...
Package biblatex Info: ... file 'biblatex.cfg' found.

(/usr/local/texlive/2026/texmf-dist/tex/latex/biblatex/biblatex.cfg
File: biblatex.cfg 
)
Package biblatex Info: Input encoding 'utf8' detected.
Package biblatex Info: Document encoding is UTF8 ....

(/usr/local/texlive/2026/texmf-dist/tex/latex/l3kernel/expl3.sty
Package: expl3 2026-05-26 L3 programming layer (loader) 

(/usr/local/texlive/2026/texmf-dist/tex/latex/l3backend/l3backend-dvipdfmx.def
File: l3backend-dvipdfmx.def 2026-02-18 L3 backend support: dvipdfmx
\g__graphics_track_int=\count426
\g__pdfannot_backend_int=\count427
\g__pdfannot_backend_link_int=\count428
))
Package biblatex Info: ... and expl3
(biblatex)             2026-05-26 L3 programming layer (loader) 
(biblatex)             is new enough (at least 2020/04/06),
(biblatex)             setting 'casechanger=expl3'.
 (/usr/local/texlive/2026/texmf-dist/tex/latex/biblatex/blx-case-expl3.sty
(/usr/local/texlive/2026/texmf-dist/tex/latex/l3packages/xparse/xparse.sty
Package: xparse 2025-10-09 L3 Experimental document command parser
)
Package: blx-case-expl3 2025/07/10 v3.21 expl3 case changing code for biblatex
))
\@quotelevel=\count429
\@quotereset=\count430

(./master.aux)
\openout1 = `master.aux'.

LaTeX Font Info:    Checking defaults for OML/cmm/m/it on input line 26.
LaTeX Font Info:    ... okay on input line 26.
LaTeX Font Info:    Checking defaults for OMS/cmsy/m/n on input line 26.
LaTeX Font Info:    ... okay on input line 26.
LaTeX Font Info:    Checking defaults for OT1/cmr/m/n on input line 26.
LaTeX Font Info:    ... okay on input line 26.
LaTeX Font Info:    Checking defaults for T1/cmr/m/n on input line 26.
LaTeX Font Info:    ... okay on input line 26.
LaTeX Font Info:    Checking defaults for TS1/cmr/m/n on input line 26.
LaTeX Font Info:    ... okay on input line 26.
LaTeX Font Info:    Checking defaults for OMX/cmex/m/n on input line 26.
LaTeX Font Info:    ... okay on input line 26.
LaTeX Font Info:    Checking defaults for U/cmr/m/n on input line 26.
LaTeX Font Info:    ... okay on input line 26.
LaTeX Font Info:    Checking defaults for JY2/mc/m/n on input line 26.
LaTeX Font Info:    ... okay on input line 26.
LaTeX Font Info:    Checking defaults for JT2/mc/m/n on input line 26.
LaTeX Font Info:    ... okay on input line 26.
Package biblatex Info: Trying to load language 'english'...
Package biblatex Info: ... file 'english.lbx' found.

(/usr/local/texlive/2026/texmf-dist/tex/latex/biblatex/lbx/english.lbx
File: english.lbx 2025/07/10 v3.21 biblatex localization (PK/MW)
)
Package biblatex Info: Input encoding 'utf8' detected.
Package biblatex Info: Automatic encoding selection.
(biblatex)             Assuming data encoding 'utf8'.
\openout3 = `master.bcf'.

Package biblatex Info: Trying to load bibliographic data...
Package biblatex Info: ... file 'master.bbl' found.

(./master.bbl)
Package biblatex Info: Reference section=0 on input line 26.
Package biblatex Info: Reference segment=0 on input line 26.
 (./cover/cover.tex
LaTeX Font Info:    Font shape `JT2/mc/m/n' will be
(Font)              scaled to size 23.0061pt on input line 11.
LaTeX Font Info:    Font shape `JY2/mc/m/n' will be
(Font)              scaled to size 23.0061pt on input line 11.
LaTeX Font Info:    Font shape `JT2/mc/bx/n' in size <24.88> not available
(Font)              Font shape `JT2/gt/m/n' tried instead on input line 11.
LaTeX Font Info:    Font shape `JT2/gt/m/n' will be
(Font)              scaled to size 23.0061pt on input line 11.
LaTeX Font Info:    Font shape `JY2/mc/bx/n' in size <24.88> not available
(Font)              Font shape `JY2/gt/m/n' tried instead on input line 11.
LaTeX Font Info:    Font shape `JY2/gt/m/n' will be
(Font)              scaled to size 23.0061pt on input line 11.
LaTeX Font Info:    Font shape `JT2/mc/m/n' will be
(Font)              scaled to size 13.31541pt on input line 17.
LaTeX Font Info:    Font shape `JY2/mc/m/n' will be
(Font)              scaled to size 13.31541pt on input line 17.
 [1

]) (./report3/report3.tex
LaTeX Font Info:    Font shape `JT2/mc/m/n' will be
(Font)              scaled to size 15.9785pt on input line 29.
LaTeX Font Info:    Font shape `JY2/mc/m/n' will be
(Font)              scaled to size 15.9785pt on input line 29.
LaTeX Font Info:    Font shape `JT2/mc/bx/n' in size <17.28> not available
(Font)              Font shape `JT2/gt/m/n' tried instead on input line 29.
LaTeX Font Info:    Font shape `JT2/gt/m/n' will be
(Font)              scaled to size 15.9785pt on input line 29.
LaTeX Font Info:    Font shape `JY2/mc/bx/n' in size <17.28> not available
(Font)              Font shape `JY2/gt/m/n' tried instead on input line 29.
LaTeX Font Info:    Font shape `JY2/gt/m/n' will be
(Font)              scaled to size 15.9785pt on input line 29.
File: report3/imgs/arp_packet_format.png Graphic file (type bmp)
<report3/imgs/arp_packet_format.png>
LaTeX Font Info:    Font shape `JT2/mc/m/n' will be
(Font)              scaled to size 8.32214pt on input line 69.
LaTeX Font Info:    Font shape `JY2/mc/m/n' will be
(Font)              scaled to size 8.32214pt on input line 69.
LaTeX Font Info:    Font shape `JY2/mc/m/n' will be
(Font)              scaled to size 6.47278pt on input line 77.
LaTeX Font Info:    Font shape `JY2/mc/m/n' will be
(Font)              scaled to size 4.62341pt on input line 77.

Overfull \hbox (29.78412pt too wide) in paragraph at lines 77--90
 [][] 
 []

LaTeX Font Info:    Font shape `JT2/mc/m/n' will be
(Font)              scaled to size 6.47278pt on input line 98.
[1

] [2]
File: report3/imgs/icmp_packet_format.png Graphic file (type bmp)
<report3/imgs/icmp_packet_format.png>
 [3]
LaTeX Font Info:    Font shape `JT2/gt/m/n' will be
(Font)              scaled to size 9.24683pt on input line 180.
LaTeX Font Info:    Font shape `JY2/gt/m/n' will be
(Font)              scaled to size 9.24683pt on input line 180.
 [4]
File: report3/imgs/router_ifconfig.png Graphic file (type bmp)
<report3/imgs/router_ifconfig.png>
File: report3/imgs/server_ifconfig.png Graphic file (type bmp)
<report3/imgs/server_ifconfig.png>
File: report3/imgs/router2server_ping.png Graphic file (type bmp)
<report3/imgs/router2server_ping.png>
File: report3/imgs/server2router_ping.png Graphic file (type bmp)
<report3/imgs/server2router_ping.png>
 [5]
File: report3/imgs/router_arp.png Graphic file (type bmp)
<report3/imgs/router_arp.png>
File: report3/imgs/server_arp.png Graphic file (type bmp)
<report3/imgs/server_arp.png>
 [6]
File: report3/imgs/server_ping_for_packet_analyze.png Graphic file (type bmp)
<report3/imgs/server_ping_for_packet_analyze.png>
File: report3/imgs/ping_wireshark.png Graphic file (type bmp)
<report3/imgs/ping_wireshark.png>
 [7]
File: report3/imgs/arp_request.png Graphic file (type bmp)
<report3/imgs/arp_request.png>
File: report3/imgs/arp_reply.png Graphic file (type bmp)
<report3/imgs/arp_reply.png>
 [8]
File: report3/imgs/icmp_echo_request.png Graphic file (type bmp)
<report3/imgs/icmp_echo_request.png>
File: report3/imgs/icmp_echo_reply.png Graphic file (type bmp)
<report3/imgs/icmp_echo_reply.png>
 [9] [10]
File: report3/imgs/server_arp_after_ping.png Graphic file (type bmp)
<report3/imgs/server_arp_after_ping.png>
 [11] [12]) (./report4/report4.tex
[13

]
File: report4/imgs/1/nmap_ping_scan_result_terminal.png Graphic file (type bmp)

<report4/imgs/1/nmap_ping_scan_result_terminal.png>
 [14]
File: report4/imgs/1/nmap_ping_scan_result.png Graphic file (type bmp)
<report4/imgs/1/nmap_ping_scan_result.png>
LaTeX Font Info:    Trying to load font information for OMS+cmr on input line 1
38.
 (/usr/local/texlive/2026/texmf-dist/tex/latex/base/omscmr.fd
File: omscmr.fd 2024/11/19 v2.5n Standard LaTeX font definitions
)
LaTeX Font Info:    Font shape `OMS/cmr/m/n' in size <10> not available
(Font)              Font shape `OMS/cmsy/m/n' tried instead on input line 138.

[15]
File: report4/imgs/1/nmap_ping_scan_result_arp_request.png Graphic file (type b
mp)
<report4/imgs/1/nmap_ping_scan_result_arp_request.png>
File: report4/imgs/1/nmap_ping_scan_result_arp_reply.png Graphic file (type bmp
)
<report4/imgs/1/nmap_ping_scan_result_arp_reply.png>
 [16]
File: report4/imgs/1/dns.png Graphic file (type bmp)
<report4/imgs/1/dns.png>

Overfull \hbox (20.70227pt too wide) in paragraph at lines 183--192
[] \JY2/mc/m/n/10 図 \OT1/cmr/m/n/10 20 \JY2/mc/m/n/10 から\OT1/cmr/m/n/10 ,
 DNS$\OML/cmm/m/it/10 rightallow$\OT1/cmr/m/n/10 Queries \JY2/mc/m/n/10 にお
いて\OT1/cmr/m/n/10 , 1.100.168.192.in-addr.arpa:typePTR,
 []

File: report4/imgs/1/nmap_ping_scan_result_icmp.png Graphic file (type bmp)
<report4/imgs/1/nmap_ping_scan_result_icmp.png>
[17] [18]

Package enumitem Warning: Negative labelwidth. This does not make much
(enumitem)                sense, on input line 255.

File: report4/imgs/2/tcp_scan_osi.png Graphic file (type bmp)
<report4/imgs/2/tcp_scan_osi.png>
[19]

Package enumitem Warning: Negative labelwidth. This does not make much
(enumitem)                sense, on input line 305.

[20]
File: report4/imgs/2/syn_scan_osi.png Graphic file (type bmp)
<report4/imgs/2/syn_scan_osi.png>
 [21]

Package enumitem Warning: Negative labelwidth. This does not make much
(enumitem)                sense, on input line 357.

File: report4/imgs/2/udp_scan_osi.png Graphic file (type bmp)
<report4/imgs/2/udp_scan_osi.png>
[22]
File: report4/imgs/2/no_process.png Graphic file (type bmp)
<report4/imgs/2/no_process.png>
 [23]
File: report4/imgs/2/no_process_st.png Graphic file (type bmp)
<report4/imgs/2/no_process_st.png>
 [24]
File: report4/imgs/2/no_process_ss.png Graphic file (type bmp)
<report4/imgs/2/no_process_ss.png>
LaTeX Font Info:    Font shape `JT2/mc/bx/n' in size <10> not available
(Font)              Font shape `JT2/gt/m/n' tried instead on input line 471.
LaTeX Font Info:    Font shape `JT2/gt/m/n' will be
(Font)              scaled to size 9.24683pt on input line 471.
LaTeX Font Info:    Font shape `JY2/mc/bx/n' in size <10> not available
(Font)              Font shape `JY2/gt/m/n' tried instead on input line 471.
LaTeX Font Info:    Font shape `JY2/gt/m/n' will be
(Font)              scaled to size 9.24683pt on input line 471.


LaTeX Warning: Reference `fig:syn_scan_osi' on page 25 undefined on input line 
471.

File: report4/imgs/2/no_process_su.png Graphic file (type bmp)
<report4/imgs/2/no_process_su.png>

LaTeX Warning: Reference `fig:udp_scan_osi' on page 25 undefined on input line 
498.

[25]
File: report4/imgs/2/no_process_o.png Graphic file (type bmp)
<report4/imgs/2/no_process_o.png>
 [26]
File: report4/imgs/2/active_check.png Graphic file (type bmp)
<report4/imgs/2/active_check.png>
File: report4/imgs/2/telnet_ssh_login_success.png Graphic file (type bmp)
<report4/imgs/2/telnet_ssh_login_success.png>
 [27]
File: report4/imgs/2/telnet_w.png Graphic file (type bmp)
<report4/imgs/2/telnet_w.png>
File: report4/imgs/2/ssh_w.png Graphic file (type bmp)
<report4/imgs/2/ssh_w.png>
File: report4/imgs/2/telnet_w_tcp_stream.png Graphic file (type bmp)
<report4/imgs/2/telnet_w_tcp_stream.png>
File: report4/imgs/2/ssh_w_tcp_stream.png Graphic file (type bmp)
<report4/imgs/2/ssh_w_tcp_stream.png>
 [28]
File: report4/imgs/2/active_nmap_sT.png Graphic file (type bmp)
<report4/imgs/2/active_nmap_sT.png>
 [29] [30]
File: report4/imgs/2/active_nmap_sS.png Graphic file (type bmp)
<report4/imgs/2/active_nmap_sS.png>
 [31]
File: report4/imgs/2/active_nmap_sU.png Graphic file (type bmp)
<report4/imgs/2/active_nmap_sU.png>
 [32]
File: report4/imgs/2/active_nmap_O.png Graphic file (type bmp)
<report4/imgs/2/active_nmap_O.png>
 [33] [34]) (./report5/report5.tex
File: report5/imgs/no_dropbear.png Graphic file (type bmp)
<report5/imgs/no_dropbear.png>

[35

]
File: report5/imgs/server_dropbear_active.png Graphic file (type bmp)
<report5/imgs/server_dropbear_active.png>
File: report5/imgs/ssh_failed.png Graphic file (type bmp)
<report5/imgs/ssh_failed.png>
 [36]
File: report5/imgs/set_iptables_4.png Graphic file (type bmp)
<report5/imgs/set_iptables_4.png>

Underfull \hbox (badness 10000) in paragraph at lines 142--143
[]\OT1/cmtt/m/n/10 # iptables -A FORWARD -m conntrack --ctstate ESTABLISHED,REL
ATED
 []

[37]
Underfull \hbox (badness 10000) in paragraph at lines 149--150
[]\OT1/cmtt/m/n/10 # iptables -t nat -A PREROUTING -i eth1 -p tcp --dport 22 -j
 DNAT
 []


Underfull \hbox (badness 10000) in paragraph at lines 153--154
[]\OT1/cmtt/m/n/10 # iptables -A FORWARD -i eth1 -o eth0 -p tcp -d 192.168.100.
2
 []

File: report5/imgs/ssh_win2sever_via_router.png Graphic file (type bmp)
<report5/imgs/ssh_win2sever_via_router.png>
[38]
File: report5/imgs/ssh_login_result.png Graphic file (type bmp)
<report5/imgs/ssh_login_result.png>
File: report5/imgs/same_packet_example.png Graphic file (type bmp)
<report5/imgs/same_packet_example.png>

Underfull \hbox (badness 10000) in paragraph at lines 215--222
\OT1/cmtt/m/n/10 Number(raw): 3645530960, Acknowledgment Number(raw): 135497575
6
 []

[39]
File: report5/imgs/set_iptables_8.png Graphic file (type bmp)
<report5/imgs/set_iptables_8.png>

Underfull \hbox (badness 10000) in paragraph at lines 241--242
[]\OT1/cmtt/m/n/10 # iptables -t nat -A POSTROUTING -o eth1 -s 192.168.100.2 -j

 []

[40]
File: report5/imgs/ping_server2windows.png Graphic file (type bmp)
<report5/imgs/ping_server2windows.png>
File: report5/imgs/prove_masquarade.png Graphic file (type bmp)
<report5/imgs/prove_masquarade.png>
 [41] [42]
Underfull \hbox (badness 10000) in paragraph at lines 323--324
[]\OT1/cmtt/m/n/10 # iptables -A FORWARD -m conntrack --ctstate ESTABLISHED,REL
ATED
 []

[43]) (./report6/report6.tex
File: report6/imgs/no_dropbear_router.png Graphic file (type bmp)
<report6/imgs/no_dropbear_router.png>
 [44

]
File: report6/imgs/init_and_set_iptables.png Graphic file (type bmp)
<report6/imgs/init_and_set_iptables.png>
 [45]
File: report6/imgs/dropbear_2_process.png Graphic file (type bmp)
<report6/imgs/dropbear_2_process.png>
File: report6/imgs/ssh_22.png Graphic file (type bmp)
<report6/imgs/ssh_22.png>
File: report6/imgs/ssh_2000.png Graphic file (type bmp)
<report6/imgs/ssh_2000.png>
 [46]) [47]
Underfull \hbox (badness 7433) in paragraph at lines 48--48
[]\OT1/cmr/m/n/10 Insecure.Org and Nmap Project. |   [].
 []


Overfull \hbox (76.59836pt too wide) in paragraph at lines 48--48
[]\OT1/cmr/m/n/10 Insecure.Org and Nmap Project. |   [].
 []


Overfull \hbox (67.35153pt too wide) in paragraph at lines 48--48
[]\OT1/cmr/m/n/10 Insecure.Org and Nmap Project. |   [].
 []


Overfull \hbox (39.61105pt too wide) in paragraph at lines 48--48
[]\OT1/cmr/m/n/10 Insecure.Org and Nmap Project. |   [].
 []

LaTeX Font Info:    Font shape `JT2/mc/m/sc' in size <10> not available
(Font)              Font shape `JT2/mc/m/n' tried instead on input line 46.
LaTeX Font Info:    Font shape `JT2/mc/m/n' will be
(Font)              scaled to size 9.24683pt on input line 46.
LaTeX Font Info:    Font shape `JY2/mc/m/sc' in size <10> not available
(Font)              Font shape `JY2/mc/m/n' tried instead on input line 46.
LaTeX Font Info:    Font shape `JY2/mc/m/n' will be
(Font)              scaled to size 9.24683pt on input line 46.

Underfull \hbox (badness 4608) in paragraph at lines 48--48
[]\OT1/cmr/m/n/10 Matt John-ston and Ger-rit Pape. |   [].
 []


Underfull \hbox (badness 4927) in paragraph at lines 48--48
[]\OT1/cmr/m/n/10 kazmax. |   []. kaz-
 []


Overfull \hbox (223.00659pt too wide) in paragraph at lines 48--48
[]\OT1/cmr/m/n/10 Gordon Lyon. |   [].
 []


Underfull \hbox (badness 1320) in paragraph at lines 48--48
[]\OT1/cmr/m/n/10 Paul Mock-apetris. |   []. RFC
 []

[48

]
Overfull \hbox (101.37527pt too wide) in paragraph at lines 48--48
[]\OT1/cmr/m/n/10 Oracle Cor-po-ra-tion. |   [].
 []


Overfull \hbox (116.77461pt too wide) in paragraph at lines 48--48
[]\OT1/cmr/m/n/10 Rusty Rus-sell and Net-fil-ter Core Team. |   [].
 []


Overfull \hbox (14.37932pt too wide) in paragraph at lines 48--48
[]\OT1/cmr/m/n/10 TK (from Se-cuAvail). |   [].
 []


Overfull \hbox (17.74803pt too wide) in paragraph at lines 48--48
[]\JY2/mc/m/n/10 福士 将 \OT1/cmr/m/n/10 et al. |   [].
 []


Overfull \hbox (107.44771pt too wide) in paragraph at lines 48--48
[]\JY2/mc/m/n/10 瀬戸 美月 \OT1/cmr/m/n/10 and \JY2/mc/m/n/10 株式会社
わくわくスタデ ィワ ールド\OT1/cmr/m/n/10 . |   [].
 []

[49] (./master.aux)
 ***********
pLaTeX2e <2023-02-14u04>+1, based on
LaTeX2e <2025-11-01>
L3 programming layer <2026-05-26>
 ***********


LaTeX Warning: There were undefined references.

Package logreq Info: Writing requests to 'master.run.xml'.
\openout1 = `master.run.xml'.

 ) 
Here is how much of TeX's memory you used:
 11309 strings out of 467983
 221114 string characters out of 5430778
 1049558 words of memory out of 5000000
 40242 multiletter control sequences out of 15000+600000
 637495 words of font info for 94 fonts, out of 8000000 for 9000
 934 hyphenation exceptions out of 8191
 60i,14n,66p,695b,1886s stack positions out of 10000i,1000n,20000p,200000b,200000s

Output written on master.dvi (50 pages, 114316 bytes).
